[10-Mar-2026 23:32:37 UTC] Automatic updates starting...
[10-Mar-2026 23:32:40 UTC] Automatic updates complete.
[11-Mar-2026 00:48:09 UTC] PHP Warning:  Attempt to read property "display_name" on bool in C:\xampp\htdocs\campusmarket\wp-content\themes\campusmarket\single-cm_listing.php on line 203
[11-Mar-2026 01:48:17 UTC] PHP Warning:  get_core_checksums(): An unexpected error occurred. Something may be wrong with WordPress.org or this server&#8217;s configuration. If you continue to have problems, please try the <a href="https://wordpress.org/support/forums/">support forums</a>. (WordPress could not establish a secure connection to WordPress.org. Please contact your server administrator.) in C:\xampp\htdocs\campusmarket\wp-includes\functions.php on line 6131
[11-Mar-2026 22:23:46 UTC] PHP Warning:  mysqli_real_connect(): (HY000/2002): No connection could be made because the target machine actively refused it in C:\xampp\htdocs\campusmarket\wp-includes\class-wpdb.php on line 1994
[11-Mar-2026 22:24:01 UTC] PHP Warning:  mysqli_real_connect(): (HY000/2002): No connection could be made because the target machine actively refused it in C:\xampp\htdocs\campusmarket\wp-includes\class-wpdb.php on line 1994
[11-Mar-2026 22:24:21 UTC] Automatic updates starting...
[11-Mar-2026 22:24:26 UTC] Automatic updates complete.
[11-Mar-2026 22:30:32 UTC] PHP Warning:  Attempt to read property "display_name" on bool in C:\xampp\htdocs\campusmarket\wp-content\themes\campusmarket\single-cm_listing.php on line 203
[11-Mar-2026 22:43:29 UTC] PHP Warning:  Attempt to read property "display_name" on bool in C:\xampp\htdocs\campusmarket\wp-content\themes\campusmarket\single-cm_listing.php on line 203
[12-Mar-2026 01:41:45 UTC] PHP Warning:  Undefined array key "template" in C:\xampp\htdocs\campusmarket\wp-content\themes\campusmarket\inc\setup-pages.php on line 91
[12-Mar-2026 01:41:45 UTC] PHP Warning:  Undefined array key "template" in C:\xampp\htdocs\campusmarket\wp-content\themes\campusmarket\inc\setup-pages.php on line 91
[12-Mar-2026 01:41:45 UTC] PHP Warning:  Undefined array key "template" in C:\xampp\htdocs\campusmarket\wp-content\themes\campusmarket\inc\setup-pages.php on line 91
[12-Mar-2026 01:41:45 UTC] PHP Warning:  Undefined array key "template" in C:\xampp\htdocs\campusmarket\wp-content\themes\campusmarket\inc\setup-pages.php on line 91
[12-Mar-2026 01:41:45 UTC] PHP Warning:  Undefined array key "template" in C:\xampp\htdocs\campusmarket\wp-content\themes\campusmarket\inc\setup-pages.php on line 91
[12-Mar-2026 03:05:31 UTC] Automatic updates starting...
[12-Mar-2026 03:05:39 UTC] Automatic updates complete.
[12-Mar-2026 03:05:40 UTC] PHP Warning:  wp_update_themes(): An unexpected error occurred. Something may be wrong with WordPress.org or this server&#8217;s configuration. If you continue to have problems, please try the <a href="https://wordpress.org/support/forums/">support forums</a>. (WordPress could not establish a secure connection to WordPress.org. Please contact your server administrator.) in C:\xampp\htdocs\campusmarket\wp-includes\functions.php on line 6131
[13-Mar-2026 00:32:45 UTC] Automatic updates starting...
[13-Mar-2026 00:32:47 UTC] Automatic updates complete.
[13-Mar-2026 01:02:51 UTC] PHP Warning:  Undefined array key "template" in C:\xampp\htdocs\campusmarket\wp-content\themes\campusmarket\inc\setup-pages.php on line 95
[13-Mar-2026 01:02:51 UTC] PHP Warning:  Undefined array key "template" in C:\xampp\htdocs\campusmarket\wp-content\themes\campusmarket\inc\setup-pages.php on line 95
[13-Mar-2026 01:02:51 UTC] PHP Warning:  Undefined array key "template" in C:\xampp\htdocs\campusmarket\wp-content\themes\campusmarket\inc\setup-pages.php on line 95
[13-Mar-2026 01:02:51 UTC] PHP Warning:  Undefined array key "template" in C:\xampp\htdocs\campusmarket\wp-content\themes\campusmarket\inc\setup-pages.php on line 95
[13-Mar-2026 01:02:51 UTC] PHP Warning:  Undefined array key "template" in C:\xampp\htdocs\campusmarket\wp-content\themes\campusmarket\inc\setup-pages.php on line 95
[13-Mar-2026 02:56:20 UTC] Automatic updates starting...
[13-Mar-2026 02:56:24 UTC] Automatic updates complete.
[14-Mar-2026 17:17:14 UTC] Automatic updates starting...
[14-Mar-2026 17:17:14 UTC] Automatic updates complete.
[14-Mar-2026 19:24:27 UTC] PHP Fatal error:  Uncaught Error: Call to undefined function wp_delete_user() in C:\xampp\htdocs\campusmarket\test-reg.php:29
Stack trace:
#0 {main}
  thrown in C:\xampp\htdocs\campusmarket\test-reg.php on line 29
[15-Mar-2026 02:57:12 UTC] Automatic updates starting...
[15-Mar-2026 02:57:14 UTC] Automatic updates complete.
[15-Mar-2026 03:09:15 UTC] PHP Fatal error:  Allowed memory size of 536870912 bytes exhausted (tried to allocate 262144 bytes) in C:\xampp\htdocs\campusmarket\wp-includes\cache.php on line 154
[15-Mar-2026 03:09:15 UTC] PHP Fatal error:  Allowed memory size of 536870912 bytes exhausted (tried to allocate 262144 bytes) in Unknown on line 0
[15-Mar-2026 03:09:20 UTC] PHP Fatal error:  wp_cache_get(): Cannot use output buffering in output buffering display handlers in C:\xampp\htdocs\campusmarket\wp-includes\cache.php on line 154
[15-Mar-2026 03:09:20 UTC] PHP Fatal error:  Allowed memory size of 536870912 bytes exhausted (tried to allocate 262144 bytes) in C:\xampp\htdocs\campusmarket\wp-includes\cache.php on line 154
[15-Mar-2026 03:09:20 UTC] PHP Fatal error:  Allowed memory size of 536870912 bytes exhausted (tried to allocate 262144 bytes) in Unknown on line 0
[15-Mar-2026 03:09:37 UTC] PHP Fatal error:  Allowed memory size of 536870912 bytes exhausted (tried to allocate 262144 bytes) in C:\xampp\htdocs\campusmarket\wp-includes\cache.php on line 154
[15-Mar-2026 03:09:37 UTC] PHP Fatal error:  Allowed memory size of 536870912 bytes exhausted (tried to allocate 262144 bytes) in Unknown on line 0
[15-Mar-2026 03:09:41 UTC] PHP Fatal error:  Allowed memory size of 536870912 bytes exhausted (tried to allocate 262144 bytes) in C:\xampp\htdocs\campusmarket\wp-includes\cache.php on line 154
[15-Mar-2026 03:09:41 UTC] PHP Fatal error:  Allowed memory size of 536870912 bytes exhausted (tried to allocate 262144 bytes) in Unknown on line 0
[15-Mar-2026 03:09:54 UTC] PHP Fatal error:  Allowed memory size of 536870912 bytes exhausted (tried to allocate 262144 bytes) in C:\xampp\htdocs\campusmarket\wp-includes\cache.php on line 154
[15-Mar-2026 03:09:54 UTC] PHP Fatal error:  Allowed memory size of 536870912 bytes exhausted (tried to allocate 262144 bytes) in Unknown on line 0
[15-Mar-2026 03:09:59 UTC] PHP Fatal error:  Out of memory (allocated 348127232 bytes) (tried to allocate 262144 bytes) in C:\xampp\htdocs\campusmarket\wp-includes\cache.php on line 154
[15-Mar-2026 03:10:23 UTC] PHP Fatal error:  Allowed memory size of 536870912 bytes exhausted (tried to allocate 262144 bytes) in C:\xampp\htdocs\campusmarket\wp-includes\cache.php on line 154
[15-Mar-2026 03:10:23 UTC] PHP Fatal error:  Allowed memory size of 536870912 bytes exhausted (tried to allocate 262144 bytes) in Unknown on line 0
